<?xml version="1.0" encoding="UTF-8"?>
<testng-results skipped="0" failed="0" total="1" passed="1">
  <reporter-output>
  </reporter-output>
  <suite name="Default suite" duration-ms="40" started-at="2017-06-07T06:49:14Z" finished-at="2017-06-07T06:49:14Z">
    <groups>
    </groups>
    <test name="Default test" duration-ms="40" started-at="2017-06-07T06:49:14Z" finished-at="2017-06-07T06:49:14Z">
      <class name="com.MavenProject.myTest">
        <test-method status="PASS" signature="f()[pri:0, instance:com.MavenProject.myTest@7cd62f43]" name="f" duration-ms="19" started-at="2017-06-07T12:19:14Z" finished-at="2017-06-07T12:19:14Z">
          <reporter-output>
          </reporter-output>
        </test-method> <!-- f -->
      </class> <!-- com.MavenProject.myTest -->
    </test> <!-- Default test -->
  </suite> <!-- Default suite -->
</testng-results>
